Nome do arquivo de entrada: 1 , A 
0 , A , A 
4199136 , A , A , A , A , A , A , A 
4199136 , A , A , A 
4199136 , A , A , A , A , A 
4199136 , A 
0 , A , A , A , A , A , A 
4199136 , A , A , A , A , A , A , A , A , A , A , A 
0 , A , A , A , A , A , A 
4199136 , A 
0 , A , A , A , A , A , A 
4199136 , A , A 
4199136 , A 
0 , A , A , A , A , A 
4199136 , A , A , A , A , A , A , A , A 
4199136 , A , A , A , A , A , A 
0 , A , A 
4199136 , A 
4199136 , A , A , A , A , A 
4199136 , A , A , A , A , A , A 
4199136 , A 
0 , A 
4199136 , A 
4199136 